Compiling 1 files with Solc 0.8.22
Solc 0.8.22 finished in 7.49s
Compiler run successful with warnings:
Warning (3420): Source file does not specify required compiler version! Consider adding "pragma solidity ^0.8.22;"
--> script/configs/Config.arb-sepolia.sol

Warning (8760): This declaration has the same name as another declaration.
   --> src/core/facets/StabilityPoolFacet.sol:412:18:
    |
412 |         returns (uint256 P, uint256 G, uint128 scale, uint128 epoch)
    |                  ^^^^^^^^^
Note: The other declaration is here:
   --> src/core/facets/StabilityPoolFacet.sol:447:5:
    |
447 |     function P() external view returns (uint256) {
    |     ^ (Relevant source part starts here and spans across multiple lines).

Warning (2519): This declaration shadows an existing declaration.
   --> script/Deployer.sol:585:9:
    |
585 |         IStabilityPoolFacet stabilityPoolProxy = IStabilityPoolFacet(address(satoshiXApp));
    |         ^^^^^^^^^^^^^^^^^^^^^^^^^^^^^^^^^^^^^^
Note: The shadowed declaration is here:
   --> script/Deployer.sol:632:5:
    |
632 |     function stabilityPoolProxy() public view returns (IStabilityPoolFacet) {
    |     ^ (Relevant source part starts here and spans across multiple lines).

Warning (2519): This declaration shadows an existing declaration.
   --> script/Deployer.sol:592:9:
    |
592 |         IStabilityPoolFacet stabilityPoolProxy = IStabilityPoolFacet(address(satoshiXApp));
    |         ^^^^^^^^^^^^^^^^^^^^^^^^^^^^^^^^^^^^^^
Note: The shadowed declaration is here:
   --> script/Deployer.sol:632:5:
    |
632 |     function stabilityPoolProxy() public view returns (IStabilityPoolFacet) {
    |     ^ (Relevant source part starts here and spans across multiple lines).

Warning (3628): This contract has a payable fallback function, but no receive ether function. Consider adding a receive ether function.
 --> node_modules/@layerzerolabs/toolbox-foundry/lib/solidstate-solidity/contracts/proxy/diamond/fallback/IDiamondFallback.sol:7:1:
  |
7 | interface IDiamondFallback is IDiamondBase {
  | ^ (Relevant source part starts here and spans across multiple lines).
Note: The payable fallback function is defined here.
 --> node_modules/@layerzerolabs/toolbox-foundry/lib/solidstate-solidity/contracts/proxy/IProxy.sol:8:5:
  |
8 |     fallback() external payable;
  |     ^^^^^^^^^^^^^^^^^^^^^^^^^^^^

Warning (3628): This contract has a payable fallback function, but no receive ether function. Consider adding a receive ether function.
  --> node_modules/@layerzerolabs/toolbox-foundry/lib/solidstate-solidity/contracts/proxy/diamond/fallback/DiamondFallback.sol:13:1:
   |
13 | abstract contract DiamondFallback is
   | ^ (Relevant source part starts here and spans across multiple lines).
Note: The payable fallback function is defined here.
  --> node_modules/@layerzerolabs/toolbox-foundry/lib/solidstate-solidity/contracts/proxy/Proxy.sol:19:5:
   |
19 |     fallback() external payable virtual {
   |     ^ (Relevant source part starts here and spans across multiple lines).

Warning (5740): Unreachable code.
   --> script/Deployer.sol:481:9:
    |
481 |         vm.startPrank(deployer);
    |         ^^^^^^^^^^^^^^^^^^^^^^^

Warning (5667): Unused function parameter. Remove or comment out the variable name to silence this warning.
   --> script/Deployer.sol:136:33:
    |
136 |     function _deploySatoshiXApp(address deployer) internal {
    |                                 ^^^^^^^^^^^^^^^^

Warning (5667): Unused function parameter. Remove or comment out the variable name to silence this warning.
   --> script/Deployer.sol:164:45:
    |
164 |     function _deployBorrowerOperationsFacet(address deployer) internal returns (address, bytes4[] memory) {
    |                                             ^^^^^^^^^^^^^^^^

Warning (5667): Unused function parameter. Remove or comment out the variable name to silence this warning.
   --> script/Deployer.sol:191:31:
    |
191 |     function _deployCoreFacet(address deployer) internal returns (address, bytes4[] memory) {
    |                               ^^^^^^^^^^^^^^^^

Warning (5667): Unused function parameter. Remove or comment out the variable name to silence this warning.
   --> script/Deployer.sol:212:34:
    |
212 |     function _deployFactoryFacet(address deployer) internal returns (address, bytes4[] memory) {
    |                                  ^^^^^^^^^^^^^^^^

Warning (5667): Unused function parameter. Remove or comment out the variable name to silence this warning.
   --> script/Deployer.sol:226:38:
    |
226 |     function _deployLiquidationFacet(address deployer) internal returns (address, bytes4[] memory) {
    |                                      ^^^^^^^^^^^^^^^^

Warning (5667): Unused function parameter. Remove or comment out the variable name to silence this warning.
   --> script/Deployer.sol:238:46:
    |
238 |     function _deployPriceFeedAggregatorFacet(address deployer) internal returns (address, bytes4[] memory) {
    |                                              ^^^^^^^^^^^^^^^^

Warning (5667): Unused function parameter. Remove or comment out the variable name to silence this warning.
   --> script/Deployer.sol:251:40:
    |
251 |     function _deployStabilityPoolFacet(address deployer) internal returns (address, bytes4[] memory) {
    |                                        ^^^^^^^^^^^^^^^^

Warning (5667): Unused function parameter. Remove or comment out the variable name to silence this warning.
   --> script/Deployer.sol:285:44:
    |
285 |     function _deployNexusYieldManagerFacet(address deployer) internal returns (address, bytes4[] memory) {
    |                                            ^^^^^^^^^^^^^^^^

Warning (5667): Unused function parameter. Remove or comment out the variable name to silence this warning.
   --> script/Deployer.sol:323:33:
    |
323 |     function _deployInitializer(address deployer) internal {
    |                                 ^^^^^^^^^^^^^^^^

Warning (5667): Unused function parameter. Remove or comment out the variable name to silence this warning.
   --> script/Deployer.sol:348:9:
    |
348 |         uint32 eid,
    |         ^^^^^^^^^^

Warning (5667): Unused function parameter. Remove or comment out the variable name to silence this warning.
   --> script/Deployer.sol:399:9:
    |
399 |         address deployer,
    |         ^^^^^^^^^^^^^^^^

Warning (5667): Unused function parameter. Remove or comment out the variable name to silence this warning.
   --> script/Deployer.sol:415:31:
    |
415 |     function _satoshiXAppInit(address deployer) internal {
    |                               ^^^^^^^^^^^^^^^^

Warning (5667): Unused function parameter. Remove or comment out the variable name to silence this warning.
   --> script/Deployer.sol:443:26:
    |
443 |     function _deployWETH(address deployer) internal {
    |                          ^^^^^^^^^^^^^^^^

Warning (5667): Unused function parameter. Remove or comment out the variable name to silence this warning.
   --> script/Deployer.sol:486:9:
    |
486 |         address owner,
    |         ^^^^^^^^^^^^^

Warning (5667): Unused function parameter. Remove or comment out the variable name to silence this warning.
   --> script/Deployer.sol:516:32:
    |
516 |     function _deployOracleMock(address deployer, uint8 decimals, uint256 version) internal returns (address) {
    |                                ^^^^^^^^^^^^^^^^

Warning (5667): Unused function parameter. Remove or comment out the variable name to silence this warning.
   --> script/Deployer.sol:523:54:
    |
523 |     function _setPriceFeedToPriceFeedAggregatorProxy(address owner, IERC20 collateral, IPriceFeed priceFeed) internal {
    |                                                      ^^^^^^^^^^^^^

Warning (5667): Unused function parameter. Remove or comment out the variable name to silence this warning.
   --> script/Deployer.sol:530:36:
    |
530 |     function _registerTroveManager(address owner, ITroveManager _troveManager) internal {
    |                                    ^^^^^^^^^^^^^

Warning (5667): Unused function parameter. Remove or comment out the variable name to silence this warning.
   --> script/Deployer.sol:552:48:
    |
552 |     function _setTMCommunityIssuanceAllocation(address owner, ITroveManager troveManagerBeaconProxy) internal {
    |                                                ^^^^^^^^^^^^^

Warning (5667): Unused function parameter. Remove or comment out the variable name to silence this warning.
   --> script/Deployer.sol:562:48:
    |
562 |     function _setSPCommunityIssuanceAllocation(address owner) internal {
    |                                                ^^^^^^^^^^^^^

Warning (5667): Unused function parameter. Remove or comment out the variable name to silence this warning.
   --> script/Deployer.sol:572:31:
    |
572 |     function _setTMRewardRate(address owner, ITroveManager troveManagerBeaconProxy) internal {
    |                               ^^^^^^^^^^^^^

Warning (5667): Unused function parameter. Remove or comment out the variable name to silence this warning.
   --> script/Deployer.sol:572:46:
    |
572 |     function _setTMRewardRate(address owner, ITroveManager troveManagerBeaconProxy) internal {
    |                                              ^^^^^^^^^^^^^^^^^^^^^^^^^^^^^^^^^^^^^

Warning (5667): Unused function parameter. Remove or comment out the variable name to silence this warning.
   --> script/Deployer.sol:583:31:
    |
583 |     function _setSPRewardRate(address owner) internal {
    |                               ^^^^^^^^^^^^^

Warning (5667): Unused function parameter. Remove or comment out the variable name to silence this warning.
   --> script/Deployer.sol:590:33:
    |
590 |     function _setClaimStartTime(address owner, uint32 _claimStartTime) internal {
    |                                 ^^^^^^^^^^^^^

Warning (5667): Unused function parameter. Remove or comment out the variable name to silence this warning.
   --> script/Deployer.sol:597:33:
    |
597 |     function _deployHintHelpers(address deployer) internal returns (address) {
    |                                 ^^^^^^^^^^^^^^^^

Warning (5667): Unused function parameter. Remove or comment out the variable name to silence this warning.
   --> script/Deployer.sol:606:29:
    |
606 |     function _deployGasPool(address deployer) internal {
    |                             ^^^^^^^^^^^^^^^^

Warning (2018): Function state mutability can be restricted to view
  --> script/Deployer.sol:96:5:
   |
96 |     function consoleAllContract() internal {
   |     ^ (Relevant source part starts here and spans across multiple lines).

Warning (2018): Function state mutability can be restricted to view
   --> script/Deployer.sol:614:5:
    |
614 |     function assertContractAddressHasCode(address contractAddress) public {
    |     ^ (Relevant source part starts here and spans across multiple lines).

Script ran successfully.

== Logs ==
  deployer: 0xD26C9387F92EEa2cD030440A0799E403B225B8dD
  weth 0x36Bb526AcA013EBf82A6C80Bf7726deb88B212A9
  satoshiXApp 0xB0B72A10227e4c3592f586C86e59e1d8681722A0
  borrowerOperationsFacet 0xA06E0861e525aEbcc20CE3c68Cd8dF9dC5E5DA1f
  coreFacet 0xFC14d2A23FD81fD28Ad63480d295461b332DFBC0
  factoryFacet 0x2f26cd3720de650a9FfD2Dfcb6FB4105852173c3
  liquidationFacet 0x19c159EFF5B5E1352434e7767DA2e003FD9d5F91
  priceFeedAggregatorFacet 0xf51A3CF821D99c44E473f11918a6CB50D55a7930
  stabilityPoolFacet 0x64F6Ca5F68D940384764c68274FD682E4e1677B5
  nexusYieldManagerFacet 0xDd819F5BF18d426026B5283782e62E4469763851
  initializer 0xc88b2d91B4efe3AFd50a47994fb7Fe8594A2b2e7
  satoshiPeriphery 0xd8c6a39C5E800CA3b2D6D848f7a452c8468309bc
  gasPool 0xB4b01d382B51f5B0E0037cFc67a35a909232d07d
  debtToken 0x3ceE176f0f36B649CDdcD6d065ba4098B7726509
  rewardManager 0xed3F8271F5B35993551b3adFAf27038b01d6e6b5
  communityIssuance 0xC026afF20558a395cFedd854EEe6a7Ed7Ed08D5a
  oshiToken 0x2eBc73D7C606ee7e11011EA556Fe1FECb055B278
  sortedTrovesBeacon 0x87739884045C2148E28baDFf9998F69484a4023a
  troveManagerBeacon 0xc3722B7ca55F71677116cF01d2915B5e06040157
  rewardManager 0xed3F8271F5B35993551b3adFAf27038b01d6e6b5
  oshiToken 0x2eBc73D7C606ee7e11011EA556Fe1FECb055B278
  communityIssuance 0xC026afF20558a395cFedd854EEe6a7Ed7Ed08D5a

## Setting up 1 EVM.

==========================

Chain 421614

Estimated gas price: 0.200000001 gwei

Estimated total gas used for script: 130461189

Estimated amount required: 0.026092237930461189 ETH

==========================


==========================

ONCHAIN EXECUTION COMPLETE & SUCCESSFUL.

Transactions saved to: /Users/abner.huang/Documents/satoshi-v2/broadcast/Deploy.arb-sepolia.s.sol/421614/run-latest.json

Sensitive values saved to: /Users/abner.huang/Documents/satoshi-v2/cache/Deploy.arb-sepolia.s.sol/421614/run-latest.json

