Compiling 3 files with Solc 0.8.22
Solc 0.8.22 finished in 6.93s
Compiler run successful with warnings:
Warning (8760): This declaration has the same name as another declaration.
   --> src/core/facets/StabilityPoolFacet.sol:412:18:
    |
412 |         returns (uint256 P, uint256 G, uint128 scale, uint128 epoch)
    |                  ^^^^^^^^^
Note: The other declaration is here:
   --> src/core/facets/StabilityPoolFacet.sol:447:5:
    |
447 |     function P() external view returns (uint256) {
    |     ^ (Relevant source part starts here and spans across multiple lines).

Warning (2519): This declaration shadows an existing declaration.
   --> script/Deployer.sol:578:9:
    |
578 |         IStabilityPoolFacet stabilityPoolProxy = IStabilityPoolFacet(address(satoshiXApp));
    |         ^^^^^^^^^^^^^^^^^^^^^^^^^^^^^^^^^^^^^^
Note: The shadowed declaration is here:
   --> script/Deployer.sol:625:5:
    |
625 |     function stabilityPoolProxy() public view returns (IStabilityPoolFacet) {
    |     ^ (Relevant source part starts here and spans across multiple lines).

Warning (2519): This declaration shadows an existing declaration.
   --> script/Deployer.sol:585:9:
    |
585 |         IStabilityPoolFacet stabilityPoolProxy = IStabilityPoolFacet(address(satoshiXApp));
    |         ^^^^^^^^^^^^^^^^^^^^^^^^^^^^^^^^^^^^^^
Note: The shadowed declaration is here:
   --> script/Deployer.sol:625:5:
    |
625 |     function stabilityPoolProxy() public view returns (IStabilityPoolFacet) {
    |     ^ (Relevant source part starts here and spans across multiple lines).

Warning (3628): This contract has a payable fallback function, but no receive ether function. Consider adding a receive ether function.
 --> node_modules/@layerzerolabs/toolbox-foundry/lib/solidstate-solidity/contracts/proxy/diamond/fallback/IDiamondFallback.sol:7:1:
  |
7 | interface IDiamondFallback is IDiamondBase {
  | ^ (Relevant source part starts here and spans across multiple lines).
Note: The payable fallback function is defined here.
 --> node_modules/@layerzerolabs/toolbox-foundry/lib/solidstate-solidity/contracts/proxy/IProxy.sol:8:5:
  |
8 |     fallback() external payable;
  |     ^^^^^^^^^^^^^^^^^^^^^^^^^^^^

Warning (3628): This contract has a payable fallback function, but no receive ether function. Consider adding a receive ether function.
  --> node_modules/@layerzerolabs/toolbox-foundry/lib/solidstate-solidity/contracts/proxy/diamond/fallback/DiamondFallback.sol:13:1:
   |
13 | abstract contract DiamondFallback is
   | ^ (Relevant source part starts here and spans across multiple lines).
Note: The payable fallback function is defined here.
  --> node_modules/@layerzerolabs/toolbox-foundry/lib/solidstate-solidity/contracts/proxy/Proxy.sol:19:5:
   |
19 |     fallback() external payable virtual {
   |     ^ (Relevant source part starts here and spans across multiple lines).

Warning (5740): Unreachable code.
   --> script/Deployer.sol:474:9:
    |
474 |         vm.startPrank(deployer);
    |         ^^^^^^^^^^^^^^^^^^^^^^^

Warning (5667): Unused function parameter. Remove or comment out the variable name to silence this warning.
   --> script/Deployer.sol:133:33:
    |
133 |     function _deploySatoshiXApp(address deployer) internal {
    |                                 ^^^^^^^^^^^^^^^^

Warning (5667): Unused function parameter. Remove or comment out the variable name to silence this warning.
   --> script/Deployer.sol:161:45:
    |
161 |     function _deployBorrowerOperationsFacet(address deployer) internal returns (address, bytes4[] memory) {
    |                                             ^^^^^^^^^^^^^^^^

Warning (5667): Unused function parameter. Remove or comment out the variable name to silence this warning.
   --> script/Deployer.sol:188:31:
    |
188 |     function _deployCoreFacet(address deployer) internal returns (address, bytes4[] memory) {
    |                               ^^^^^^^^^^^^^^^^

Warning (5667): Unused function parameter. Remove or comment out the variable name to silence this warning.
   --> script/Deployer.sol:209:34:
    |
209 |     function _deployFactoryFacet(address deployer) internal returns (address, bytes4[] memory) {
    |                                  ^^^^^^^^^^^^^^^^

Warning (5667): Unused function parameter. Remove or comment out the variable name to silence this warning.
   --> script/Deployer.sol:223:38:
    |
223 |     function _deployLiquidationFacet(address deployer) internal returns (address, bytes4[] memory) {
    |                                      ^^^^^^^^^^^^^^^^

Warning (5667): Unused function parameter. Remove or comment out the variable name to silence this warning.
   --> script/Deployer.sol:235:46:
    |
235 |     function _deployPriceFeedAggregatorFacet(address deployer) internal returns (address, bytes4[] memory) {
    |                                              ^^^^^^^^^^^^^^^^

Warning (5667): Unused function parameter. Remove or comment out the variable name to silence this warning.
   --> script/Deployer.sol:248:40:
    |
248 |     function _deployStabilityPoolFacet(address deployer) internal returns (address, bytes4[] memory) {
    |                                        ^^^^^^^^^^^^^^^^

Warning (5667): Unused function parameter. Remove or comment out the variable name to silence this warning.
   --> script/Deployer.sol:282:44:
    |
282 |     function _deployNexusYieldManagerFacet(address deployer) internal returns (address, bytes4[] memory) {
    |                                            ^^^^^^^^^^^^^^^^

Warning (5667): Unused function parameter. Remove or comment out the variable name to silence this warning.
   --> script/Deployer.sol:320:33:
    |
320 |     function _deployInitializer(address deployer) internal {
    |                                 ^^^^^^^^^^^^^^^^

Warning (5667): Unused function parameter. Remove or comment out the variable name to silence this warning.
   --> script/Deployer.sol:345:9:
    |
345 |         uint32 eid,
    |         ^^^^^^^^^^

Warning (5667): Unused function parameter. Remove or comment out the variable name to silence this warning.
   --> script/Deployer.sol:392:9:
    |
392 |         address deployer,
    |         ^^^^^^^^^^^^^^^^

Warning (5667): Unused function parameter. Remove or comment out the variable name to silence this warning.
   --> script/Deployer.sol:408:31:
    |
408 |     function _satoshiXAppInit(address deployer) internal {
    |                               ^^^^^^^^^^^^^^^^

Warning (5667): Unused function parameter. Remove or comment out the variable name to silence this warning.
   --> script/Deployer.sol:436:26:
    |
436 |     function _deployWETH(address deployer) internal {
    |                          ^^^^^^^^^^^^^^^^

Warning (5667): Unused function parameter. Remove or comment out the variable name to silence this warning.
   --> script/Deployer.sol:479:9:
    |
479 |         address owner,
    |         ^^^^^^^^^^^^^

Warning (5667): Unused function parameter. Remove or comment out the variable name to silence this warning.
   --> script/Deployer.sol:509:32:
    |
509 |     function _deployOracleMock(address deployer, uint8 decimals, uint256 version) internal returns (address) {
    |                                ^^^^^^^^^^^^^^^^

Warning (5667): Unused function parameter. Remove or comment out the variable name to silence this warning.
   --> script/Deployer.sol:516:54:
    |
516 |     function _setPriceFeedToPriceFeedAggregatorProxy(address owner, IERC20 collateral, IPriceFeed priceFeed) internal {
    |                                                      ^^^^^^^^^^^^^

Warning (5667): Unused function parameter. Remove or comment out the variable name to silence this warning.
   --> script/Deployer.sol:523:36:
    |
523 |     function _registerTroveManager(address owner, ITroveManager _troveManager) internal {
    |                                    ^^^^^^^^^^^^^

Warning (5667): Unused function parameter. Remove or comment out the variable name to silence this warning.
   --> script/Deployer.sol:545:48:
    |
545 |     function _setTMCommunityIssuanceAllocation(address owner, ITroveManager troveManagerBeaconProxy) internal {
    |                                                ^^^^^^^^^^^^^

Warning (5667): Unused function parameter. Remove or comment out the variable name to silence this warning.
   --> script/Deployer.sol:555:48:
    |
555 |     function _setSPCommunityIssuanceAllocation(address owner) internal {
    |                                                ^^^^^^^^^^^^^

Warning (5667): Unused function parameter. Remove or comment out the variable name to silence this warning.
   --> script/Deployer.sol:565:31:
    |
565 |     function _setTMRewardRate(address owner, ITroveManager troveManagerBeaconProxy) internal {
    |                               ^^^^^^^^^^^^^

Warning (5667): Unused function parameter. Remove or comment out the variable name to silence this warning.
   --> script/Deployer.sol:565:46:
    |
565 |     function _setTMRewardRate(address owner, ITroveManager troveManagerBeaconProxy) internal {
    |                                              ^^^^^^^^^^^^^^^^^^^^^^^^^^^^^^^^^^^^^

Warning (5667): Unused function parameter. Remove or comment out the variable name to silence this warning.
   --> script/Deployer.sol:576:31:
    |
576 |     function _setSPRewardRate(address owner) internal {
    |                               ^^^^^^^^^^^^^

Warning (5667): Unused function parameter. Remove or comment out the variable name to silence this warning.
   --> script/Deployer.sol:583:33:
    |
583 |     function _setClaimStartTime(address owner, uint32 _claimStartTime) internal {
    |                                 ^^^^^^^^^^^^^

Warning (5667): Unused function parameter. Remove or comment out the variable name to silence this warning.
   --> script/Deployer.sol:590:33:
    |
590 |     function _deployHintHelpers(address deployer) internal returns (address) {
    |                                 ^^^^^^^^^^^^^^^^

Warning (5667): Unused function parameter. Remove or comment out the variable name to silence this warning.
   --> script/Deployer.sol:599:29:
    |
599 |     function _deployGasPool(address deployer) internal {
    |                             ^^^^^^^^^^^^^^^^

Warning (2018): Function state mutability can be restricted to view
  --> script/Deployer.sol:93:5:
   |
93 |     function consoleAllContract() internal {
   |     ^ (Relevant source part starts here and spans across multiple lines).

Warning (2018): Function state mutability can be restricted to view
   --> script/Deployer.sol:607:5:
    |
607 |     function assertContractAddressHasCode(address contractAddress) public {
    |     ^ (Relevant source part starts here and spans across multiple lines).

Script ran successfully.

== Logs ==
  deployer: 0xD26C9387F92EEa2cD030440A0799E403B225B8dD
  weth 0x27f53f60A05E77935aE1D95C80e97FE395a0CbDb
  satoshiXApp 0x75c6822353eAaCFA8d037A49bbF96b4378cF20f7
  borrowerOperationsFacet 0x943A33A57baE566879E23E4A43e279F28485e425
  coreFacet 0xBCb1f712cD43852bD52D3d621Db9A9737F6de535
  factoryFacet 0x839c82aC71E24F8113A0Eb7b1ba47321Ad519093
  liquidationFacet 0x01ddB0260F65dDf653074CE316e679989F09F092
  priceFeedAggregatorFacet 0xC16aAF5d62690192578e9AD34233134588C753b4
  stabilityPoolFacet 0x3f0b2d5DF89FC6e3ae17Db33e293c6fEf282dD28
  nexusYieldManagerFacet 0x979969278fE38da9835a504e80b2c2e5FA041976
  initializer 0xba1b863295df2d1d4cd2f1B2993e46dBb8d25244
  satoshiPeriphery 0xD6a238ABb7467398c3AE33687acC81Dc99C241f2
  gasPool 0x2659e82938F061a088a190b914d5eF1EbAD795A3
  debtToken 0xD07a57DF618562A99DDf34c3Fcdadb1b143381f6
  rewardManager 0x14883f327c2a99dc300C799670794F186780c41E
  communityIssuance 0xaFb126FFAd30fdB2553eDd0655616A665d5c86Cb
  oshiToken 0x84be528F4E8d7916179F64433A7f2a6d10D04C1b
  sortedTrovesBeacon 0x2102a0047d81765a591D7e3965bf15ad5c044914
  troveManagerBeacon 0xead01Cd42603223D001B6b79414d8a8834Ad530b
  rewardManager 0x14883f327c2a99dc300C799670794F186780c41E
  oshiToken 0x84be528F4E8d7916179F64433A7f2a6d10D04C1b
  communityIssuance 0xaFb126FFAd30fdB2553eDd0655616A665d5c86Cb

## Setting up 1 EVM.

==========================

Chain 421614

Estimated gas price: 0.200000001 gwei

Estimated total gas used for script: 55054671

Estimated amount required: 0.011010934255054671 ETH

==========================


==========================

ONCHAIN EXECUTION COMPLETE & SUCCESSFUL.

Transactions saved to: /Users/abner.huang/Documents/satoshi-v2/broadcast/Deploy.arb-sepolia.s.sol/421614/run-latest.json

Sensitive values saved to: /Users/abner.huang/Documents/satoshi-v2/cache/Deploy.arb-sepolia.s.sol/421614/run-latest.json

